Build started 12/11/2016 10:13:08 AM.
     1>Project "C:\Users\sefarov\Desktop\handDetectionCV-master\handDetectionCV-master\VS2013 Version\HandDetection\HandDetection.vcxproj" on node 2 (Rebuild target(s)).
     1>ClCompile:
         C:\Program Files (x86)\Microsoft Visual Studio 12.0\VC\bin\CL.exe /c /I\include /ZI /nologo /W3 /WX- /sdl /Od /Oy- /D WIN32 /D _DEBUG /D _CONSOLE /D _LIB /D _UNICODE /D UNICODE /Gm /EHsc /RTC1 /MDd /GS /fp:precise /Zc:wchar_t /Zc:forScope /Fo"Debug\\" /Fd"Debug\vc120.pdb" /Gd /TP /analyze- /errorReport:prompt handGesture.cpp main.cpp myImage.cpp roi.cpp
         roi.cpp
         myImage.cpp
         main.cpp
     1>c:\users\sefarov\desktop\handdetectioncv-master\handdetectioncv-master\vs2013 version\handdetection\main.cpp(66): warning C4244: 'argument' : conversion from 'double' to 'int', possible loss of data
     1>c:\users\sefarov\desktop\handdetectioncv-master\handdetectioncv-master\vs2013 version\handdetection\main.cpp(68): warning C4244: 'argument' : conversion from 'double' to 'int', possible loss of data
     1>c:\users\sefarov\desktop\handdetectioncv-master\handdetectioncv-master\vs2013 version\handdetection\main.cpp(69): warning C4244: 'argument' : conversion from 'double' to 'int', possible loss of data
     1>c:\users\sefarov\desktop\handdetectioncv-master\handdetectioncv-master\vs2013 version\handdetection\main.cpp(70): warning C4244: 'argument' : conversion from 'double' to 'int', possible loss of data
     1>c:\users\sefarov\desktop\handdetectioncv-master\handdetectioncv-master\vs2013 version\handdetection\main.cpp(228): warning C4018: '<' : signed/unsigned mismatch
     1>c:\users\sefarov\desktop\handdetectioncv-master\handdetectioncv-master\vs2013 version\handdetection\main.cpp(229): warning C4018: '>' : signed/unsigned mismatch
     1>c:\users\sefarov\desktop\handdetectioncv-master\handdetectioncv-master\vs2013 version\handdetection\main.cpp(262): warning C4244: 'initializing' : conversion from 'int' to 'float', possible loss of data
         handGesture.cpp
     1>c:\users\sefarov\desktop\handdetectioncv-master\handdetectioncv-master\vs2013 version\handdetection\handgesture.cpp(48): warning C4244: 'initializing' : conversion from 'double' to 'int', possible loss of data
     1>c:\users\sefarov\desktop\handdetectioncv-master\handdetectioncv-master\vs2013 version\handdetection\handgesture.cpp(49): warning C4244: 'initializing' : conversion from 'double' to 'int', possible loss of data
     1>c:\users\sefarov\desktop\handdetectioncv-master\handdetectioncv-master\vs2013 version\handdetection\handgesture.cpp(83): warning C4244: 'initializing' : conversion from 'double' to 'float', possible loss of data
     1>c:\users\sefarov\desktop\handdetectioncv-master\handdetectioncv-master\vs2013 version\handdetection\handgesture.cpp(91): warning C4018: '<' : signed/unsigned mismatch
     1>c:\users\sefarov\desktop\handdetectioncv-master\handdetectioncv-master\vs2013 version\handdetection\handgesture.cpp(92): warning C4018: '<' : signed/unsigned mismatch
     1>c:\users\sefarov\desktop\handdetectioncv-master\handdetectioncv-master\vs2013 version\handdetection\handgesture.cpp(109): warning C4018: '<' : signed/unsigned mismatch
     1>c:\users\sefarov\desktop\handdetectioncv-master\handdetectioncv-master\vs2013 version\handdetection\handgesture.cpp(258): warning C4244: 'initializing' : conversion from 'int' to 'float', possible loss of data
     1>c:\users\sefarov\desktop\handdetectioncv-master\handdetectioncv-master\vs2013 version\handdetection\handgesture.cpp(260): warning C4244: '=' : conversion from 'double' to 'float', possible loss of data
     1>c:\users\sefarov\desktop\handdetectioncv-master\handdetectioncv-master\vs2013 version\handdetection\handgesture.cpp(274): warning C4244: 'return' : conversion from 'int' to 'float', possible loss of data
     1>c:\users\sefarov\desktop\handdetectioncv-master\handdetectioncv-master\vs2013 version\handdetection\handgesture.cpp(276): warning C4244: 'return' : conversion from 'int' to 'float', possible loss of data
     1>c:\users\sefarov\desktop\handdetectioncv-master\handdetectioncv-master\vs2013 version\handdetection\handgesture.cpp(282): warning C4244: 'initializing' : conversion from 'double' to 'int', possible loss of data
     1>c:\users\sefarov\desktop\handdetectioncv-master\handdetectioncv-master\vs2013 version\handdetection\handgesture.cpp(346): warning C4244: 'initializing' : conversion from 'double' to 'float', possible loss of data
     1>c:\users\sefarov\desktop\handdetectioncv-master\handdetectioncv-master\vs2013 version\handdetection\handgesture.cpp(349): warning C4018: '<' : signed/unsigned mismatch
     1>c:\users\sefarov\desktop\handdetectioncv-master\handdetectioncv-master\vs2013 version\handdetection\handgesture.cpp(350): warning C4018: '<' : signed/unsigned mismatch
     1>c:\users\sefarov\desktop\handdetectioncv-master\handdetectioncv-master\vs2013 version\handdetection\handgesture.cpp(347): warning C4101: 'faridx' : unreferenced local variable
     1>c:\users\sefarov\desktop\handdetectioncv-master\handdetectioncv-master\vs2013 version\handdetection\handgesture.cpp(345): warning C4101: 'avgY' : unreferenced local variable
     1>c:\users\sefarov\desktop\handdetectioncv-master\handdetectioncv-master\vs2013 version\handdetection\handgesture.cpp(345): warning C4101: 'avgX' : unreferenced local variable
     1>c:\users\sefarov\desktop\handdetectioncv-master\handdetectioncv-master\vs2013 version\handdetection\handgesture.cpp(399): warning C4018: '<' : signed/unsigned mismatch
         Generating Code...
       Link:
         C:\Program Files (x86)\Microsoft Visual Studio 12.0\VC\bin\link.exe /ERRORREPORT:PROMPT /OUT:"C:\Users\sefarov\Desktop\handDetectionCV-master\handDetectionCV-master\VS2013 Version\Debug\HandDetection.exe" /INCREMENTAL /NOLOGO /LIBPATH:C:\opencv\build\x86\vc12\lib /LIBPATH:\x64\vc12\lib opencv_calib3d249d.lib opencv_contrib249d.lib opencv_core249d.lib opencv_features2d249d.lib opencv_flann249d.lib opencv_gpu249d.lib opencv_highgui249d.lib opencv_imgproc249d.lib opencv_legacy249d.lib opencv_ml249d.lib opencv_nonfree249d.lib opencv_objdetect249d.lib opencv_ocl249d.lib opencv_photo249d.lib opencv_stitching249d.lib opencv_superres249d.lib opencv_ts249d.lib opencv_video249d.lib opencv_videostab249d.lib kernel32.lib user32.lib gdi32.lib winspool.lib comdlg32.lib advapi32.lib shell32.lib ole32.lib oleaut32.lib uuid.lib odbc32.lib odbccp32.lib /MANIFEST /MANIFESTUAC:"level='asInvoker' uiAccess='false'" /manifest:embed /DEBUG /PDB:"C:\Users\sefarov\Desktop\handDetectionCV-master\handDetectionCV-master\VS2013 Version\Debug\HandDetection.pdb" /SUBSYSTEM:CONSOLE /TLBID:1 /DYNAMICBASE /NXCOMPAT /IMPLIB:"C:\Users\sefarov\Desktop\handDetectionCV-master\handDetectionCV-master\VS2013 Version\Debug\HandDetection.lib" /MACHINE:X86 Debug\handGesture.obj
         Debug\main.obj
         Debug\myImage.obj
         Debug\roi.obj
         HandDetection.vcxproj -> C:\Users\sefarov\Desktop\handDetectionCV-master\handDetectionCV-master\VS2013 Version\Debug\HandDetection.exe
     1>Done Building Project "C:\Users\sefarov\Desktop\handDetectionCV-master\handDetectionCV-master\VS2013 Version\HandDetection\HandDetection.vcxproj" (Rebuild target(s)).

Build succeeded.

Time Elapsed 00:00:10.41
